<?xml version="1.0" encoding="UTF-8"?>
<testng-results ignored="0" total="1" passed="1" failed="0" skipped="0">
  <reporter-output>
  </reporter-output>
  <suite started-at="2023-02-17T16:56:15 IST" name="Default suite" finished-at="2023-02-17T16:56:17 IST" duration-ms="1811">
    <groups>
    </groups>
    <test started-at="2023-02-17T16:56:15 IST" name="Default test" finished-at="2023-02-17T16:56:17 IST" duration-ms="1811">
      <class name="crudWithOutBdd.DeleteProject">
        <test-method signature="deletepro()[pri:0, instance:crudWithOutBdd.DeleteProject@306cf3ea]" started-at="2023-02-17T16:56:15 IST" name="deletepro" finished-at="2023-02-17T16:56:17 IST" duration-ms="1779" status="PASS">
          <reporter-output>
          </reporter-output>
        </test-method> <!-- deletepro -->
      </class> <!-- crudWithOutBdd.DeleteProject -->
    </test> <!-- Default test -->
  </suite> <!-- Default suite -->
</testng-results>
